\BOOKMARK [1][-]{section.1}{\376\377\000I\000n\000t\000r\000o\000d\000u\000c\000t\000i\000o\000n}{}% 1
\BOOKMARK [1][-]{section.2}{\376\377\000R\000e\000l\000a\000t\000e\000d\000\040\000W\000o\000r\000k}{}% 2
\BOOKMARK [1][-]{section.3}{\376\377\000D\000a\000t\000a\000s\000e\000t}{}% 3
\BOOKMARK [2][-]{subsection.3.1}{\376\377\000O\000v\000e\000r\000v\000i\000e\000w}{section.3}% 4
\BOOKMARK [2][-]{subsection.3.2}{\376\377\000S\000e\000n\000s\000o\000r\000\040\000M\000o\000d\000a\000l\000i\000t\000y}{section.3}% 5
\BOOKMARK [2][-]{subsection.3.3}{\376\377\000M\000o\000t\000o\000r\000\040\000T\000a\000s\000k\000s}{section.3}% 6
\BOOKMARK [2][-]{subsection.3.4}{\376\377\000L\000a\000b\000e\000l\000\040\000E\000n\000c\000o\000d\000i\000n\000g}{section.3}% 7
\BOOKMARK [2][-]{subsection.3.5}{\376\377\000T\000r\000a\000i\000n\000-\000V\000a\000l\000i\000d\000a\000t\000i\000o\000n\000\040\000S\000p\000l\000i\000t}{section.3}% 8
\BOOKMARK [1][-]{section.4}{\376\377\000M\000e\000t\000h\000o\000d\000o\000l\000o\000g\000y}{}% 9
\BOOKMARK [2][-]{subsection.4.1}{\376\377\000D\000a\000t\000a\000\040\000P\000r\000e\000p\000r\000o\000c\000e\000s\000s\000i\000n\000g}{section.4}% 10
\BOOKMARK [3][-]{subsubsection.4.1.1}{\376\377\000D\000o\000w\000n\000s\000a\000m\000p\000l\000i\000n\000g}{subsection.4.1}% 11
\BOOKMARK [3][-]{subsubsection.4.1.2}{\376\377\000B\000a\000n\000d\000-\000P\000a\000s\000s\000\040\000F\000i\000l\000t\000e\000r\000i\000n\000g}{subsection.4.1}% 12
\BOOKMARK [3][-]{subsubsection.4.1.3}{\376\377\000W\000i\000n\000d\000o\000w\000i\000n\000g\000\040\000w\000i\000t\000h\000\040\000D\000i\000f\000f\000e\000r\000e\000n\000t\000i\000a\000l\000\040\000O\000v\000e\000r\000l\000a\000p\000\040\000S\000a\000m\000p\000l\000i\000n\000g}{subsection.4.1}% 13
\BOOKMARK [2][-]{subsection.4.2}{\376\377\000D\000u\000a\000l\000-\000C\000h\000a\000n\000n\000e\000l\000\040\000C\000r\000o\000s\000s\000-\000A\000t\000t\000e\000n\000t\000i\000o\000n\000\040\000T\000r\000a\000n\000s\000f\000o\000r\000m\000e\000r}{section.4}% 14
\BOOKMARK [3][-]{subsubsection.4.2.1}{\376\377\000I\000n\000p\000u\000t\000\040\000P\000r\000o\000j\000e\000c\000t\000i\000o\000n}{subsection.4.2}% 15
\BOOKMARK [3][-]{subsubsection.4.2.2}{\376\377\000S\000i\000n\000u\000s\000o\000i\000d\000a\000l\000\040\000P\000o\000s\000i\000t\000i\000o\000n\000a\000l\000\040\000E\000n\000c\000o\000d\000i\000n\000g}{subsection.4.2}% 16
\BOOKMARK [3][-]{subsubsection.4.2.3}{\376\377\000C\000r\000o\000s\000s\000-\000A\000t\000t\000e\000n\000t\000i\000o\000n\000\040\000L\000a\000y\000e\000r}{subsection.4.2}% 17
\BOOKMARK [3][-]{subsubsection.4.2.4}{\376\377\000G\000l\000o\000b\000a\000l\000\040\000P\000o\000o\000l\000i\000n\000g\000\040\000a\000n\000d\000\040\000C\000l\000a\000s\000s\000i\000f\000i\000c\000a\000t\000i\000o\000n}{subsection.4.2}% 18
\BOOKMARK [3][-]{subsubsection.4.2.5}{\376\377\000D\000e\000s\000i\000g\000n\000\040\000D\000e\000c\000i\000s\000i\000o\000n\000:\000\040\000R\000e\000m\000o\000v\000a\000l\000\040\000o\000f\000\040\000T\000e\000x\000t\000\040\000E\000n\000c\000o\000d\000e\000r}{subsection.4.2}% 19
\BOOKMARK [2][-]{subsection.4.3}{\376\377\000M\000o\000d\000e\000l\000\040\000H\000y\000p\000e\000r\000p\000a\000r\000a\000m\000e\000t\000e\000r\000s}{section.4}% 20
\BOOKMARK [2][-]{subsection.4.4}{\376\377\000T\000r\000a\000i\000n\000i\000n\000g\000\040\000P\000r\000o\000c\000e\000d\000u\000r\000e}{section.4}% 21
\BOOKMARK [3][-]{subsubsection.4.4.1}{\376\377\000O\000b\000j\000e\000c\000t\000i\000v\000e\000\040\000F\000u\000n\000c\000t\000i\000o\000n}{subsection.4.4}% 22
\BOOKMARK [3][-]{subsubsection.4.4.2}{\376\377\000O\000p\000t\000i\000m\000i\000s\000a\000t\000i\000o\000n}{subsection.4.4}% 23
\BOOKMARK [3][-]{subsubsection.4.4.3}{\376\377\000M\000o\000d\000e\000l\000\040\000S\000e\000l\000e\000c\000t\000i\000o\000n}{subsection.4.4}% 24
\BOOKMARK [1][-]{section.5}{\376\377\000E\000x\000p\000e\000r\000i\000m\000e\000n\000t\000s\000\040\000a\000n\000d\000\040\000R\000e\000s\000u\000l\000t\000s}{}% 25
\BOOKMARK [2][-]{subsection.5.1}{\376\377\000B\000a\000s\000e\000\040\000M\000o\000d\000e\000l\000\040\000E\000v\000a\000l\000u\000a\000t\000i\000o\000n}{section.5}% 26
\BOOKMARK [2][-]{subsection.5.2}{\376\377\000S\000i\000g\000n\000a\000l\000\040\000P\000r\000e\000p\000r\000o\000c\000e\000s\000s\000i\000n\000g\000\040\000A\000b\000l\000a\000t\000i\000o\000n\000:\000\040\000B\000a\000n\000d\000-\000P\000a\000s\000s\000\040\000F\000i\000l\000t\000e\000r\000i\000n\000g}{section.5}% 27
\BOOKMARK [2][-]{subsection.5.3}{\376\377\000T\000h\000r\000e\000e\000-\000C\000l\000a\000s\000s\000\040\000B\000a\000s\000e\000l\000i\000n\000e}{section.5}% 28
\BOOKMARK [2][-]{subsection.5.4}{\376\377\000H\000y\000p\000e\000r\000p\000a\000r\000a\000m\000e\000t\000e\000r\000\040\000O\000p\000t\000i\000m\000i\000s\000a\000t\000i\000o\000n}{section.5}% 29
\BOOKMARK [2][-]{subsection.5.5}{\376\377\000E\000d\000g\000e\000\040\000D\000e\000p\000l\000o\000y\000m\000e\000n\000t\000\040\000o\000n\000\040\000R\000a\000s\000p\000b\000e\000r\000r\000y\000\040\000P\000i}{section.5}% 30
\BOOKMARK [2][-]{subsection.5.6}{\376\377\000S\000e\000l\000f\000-\000S\000u\000p\000e\000r\000v\000i\000s\000e\000d\000\040\000P\000r\000e\000-\000t\000r\000a\000i\000n\000i\000n\000g}{section.5}% 31
\BOOKMARK [3][-]{subsubsection.5.6.1}{\376\377\000T\000i\000m\000e\000\040\000W\000a\000r\000p\000i\000n\000g\000\040\000A\000u\000g\000m\000e\000n\000t\000a\000t\000i\000o\000n}{subsection.5.6}% 32
\BOOKMARK [3][-]{subsubsection.5.6.2}{\376\377\000C\000l\000a\000s\000s\000-\000A\000w\000a\000r\000e\000\040\000H\000a\000r\000d\000\040\000N\000e\000g\000a\000t\000i\000v\000e\000\040\000S\000a\000m\000p\000l\000i\000n\000g}{subsection.5.6}% 33
\BOOKMARK [3][-]{subsubsection.5.6.3}{\376\377\000S\000t\000r\000a\000t\000e\000g\000y\000\040\000C\000o\000m\000p\000a\000r\000i\000s\000o\000n}{subsection.5.6}% 34
\BOOKMARK [3][-]{subsubsection.5.6.4}{\376\377\000D\000e\000s\000i\000g\000n\000\040\000C\000h\000o\000i\000c\000e\000:\000\040\000S\000S\000L\000-\000H\000a\000r\000d\000N\000e\000g\000-\000T\000r\000i\000p\000l\000e\000t}{subsection.5.6}% 35
\BOOKMARK [3][-]{subsubsection.5.6.5}{\376\377\000L\000a\000b\000e\000l\000\040\000E\000f\000f\000i\000c\000i\000e\000n\000c\000y}{subsection.5.6}% 36
\BOOKMARK [2][-]{subsection.5.7}{\376\377\000F\000o\000u\000n\000d\000a\000t\000i\000o\000n\000\040\000M\000o\000d\000e\000l\000\040\000A\000d\000a\000p\000t\000a\000t\000i\000o\000n\000\040\000\050\000T\000i\000m\000e\000s\000F\000M\000\051}{section.5}% 37
\BOOKMARK [2][-]{subsection.5.8}{\376\377\000T\000a\000s\000k\000-\000W\000i\000s\000e\000\040\000A\000b\000l\000a\000t\000i\000o\000n\000\040\000\050\000C\000N\000N\000\040\000a\000n\000d\000\040\000L\000S\000T\000M\000\051}{section.5}% 38
\BOOKMARK [2][-]{subsection.5.9}{\376\377\000A\000t\000t\000e\000n\000t\000i\000o\000n\000\040\000W\000e\000i\000g\000h\000t\000\040\000A\000n\000a\000l\000y\000s\000i\000s}{section.5}% 39
\BOOKMARK [1][-]{section.6}{\376\377\000D\000i\000s\000c\000u\000s\000s\000i\000o\000n}{}% 40
\BOOKMARK [1][-]{section.7}{\376\377\000S\000u\000m\000m\000a\000r\000y\000\040\000o\000f\000\040\000R\000e\000s\000u\000l\000t\000s}{}% 41
\BOOKMARK [1][-]{section.8}{\376\377\000C\000o\000n\000c\000l\000u\000s\000i\000o\000n}{}% 42
