\BOOKMARK [1][-]{section.0.1}{\376\377\000I\000n\000t\000r\000o\000d\000u\000c\000t\000i\000o\000n}{}% 1
\BOOKMARK [1][-]{section.0.2}{\376\377\000R\000e\000l\000a\000t\000e\000d\000\040\000W\000o\000r\000k}{}% 2
\BOOKMARK [2][-]{subsection.0.2.1}{\376\377\000I\000M\000U\000-\000B\000a\000s\000e\000d\000\040\000P\000a\000r\000k\000i\000n\000s\000o\000n\000'\000s\000\040\000D\000i\000s\000e\000a\000s\000e\000\040\000D\000e\000t\000e\000c\000t\000i\000o\000n}{section.0.2}% 3
\BOOKMARK [2][-]{subsection.0.2.2}{\376\377\000T\000r\000a\000n\000s\000f\000o\000r\000m\000e\000r\000\040\000A\000r\000c\000h\000i\000t\000e\000c\000t\000u\000r\000e\000s\000\040\000f\000o\000r\000\040\000M\000e\000d\000i\000c\000a\000l\000\040\000T\000i\000m\000e\000\040\000S\000e\000r\000i\000e\000s}{section.0.2}% 4
\BOOKMARK [2][-]{subsection.0.2.3}{\376\377\000S\000e\000l\000f\000-\000S\000u\000p\000e\000r\000v\000i\000s\000e\000d\000\040\000C\000o\000n\000t\000r\000a\000s\000t\000i\000v\000e\000\040\000L\000e\000a\000r\000n\000i\000n\000g\000\040\000f\000o\000r\000\040\000T\000i\000m\000e\000\040\000S\000e\000r\000i\000e\000s}{section.0.2}% 5
\BOOKMARK [2][-]{subsection.0.2.4}{\376\377\000N\000e\000s\000t\000e\000d\000\040\000C\000r\000o\000s\000s\000-\000V\000a\000l\000i\000d\000a\000t\000i\000o\000n\000\040\000i\000n\000\040\000C\000l\000i\000n\000i\000c\000a\000l\000\040\000M\000a\000c\000h\000i\000n\000e\000\040\000L\000e\000a\000r\000n\000i\000n\000g}{section.0.2}% 6
\BOOKMARK [1][-]{section.0.3}{\376\377\000D\000a\000t\000a\000s\000e\000t}{}% 7
\BOOKMARK [2][-]{subsection.0.3.1}{\376\377\000O\000v\000e\000r\000v\000i\000e\000w}{section.0.3}% 8
\BOOKMARK [2][-]{subsection.0.3.2}{\376\377\000S\000e\000n\000s\000o\000r\000\040\000M\000o\000d\000a\000l\000i\000t\000y}{section.0.3}% 9
\BOOKMARK [2][-]{subsection.0.3.3}{\376\377\000M\000o\000t\000o\000r\000\040\000T\000a\000s\000k\000s}{section.0.3}% 10
\BOOKMARK [1][-]{section.0.4}{\376\377\000M\000e\000t\000h\000o\000d\000o\000l\000o\000g\000y}{}% 11
\BOOKMARK [2][-]{subsection.0.4.1}{\376\377\000P\000r\000o\000b\000l\000e\000m\000\040\000D\000e\000f\000i\000n\000i\000t\000i\000o\000n}{section.0.4}% 12
\BOOKMARK [2][-]{subsection.0.4.2}{\376\377\000D\000a\000t\000a\000\040\000P\000r\000e\000p\000r\000o\000c\000e\000s\000s\000i\000n\000g}{section.0.4}% 13
\BOOKMARK [3][-]{subsubsection.0.4.2.1}{\376\377\000L\000a\000b\000e\000l\000\040\000E\000n\000c\000o\000d\000i\000n\000g}{subsection.0.4.2}% 14
\BOOKMARK [3][-]{subsubsection.0.4.2.2}{\376\377\000P\000a\000t\000i\000e\000n\000t\000-\000L\000e\000v\000e\000l\000\040\000S\000t\000r\000a\000t\000i\000f\000i\000e\000d\000\040\000K\000-\000F\000o\000l\000d\000\040\000C\000r\000o\000s\000s\000-\000V\000a\000l\000i\000d\000a\000t\000i\000o\000n}{subsection.0.4.2}% 15
\BOOKMARK [3][-]{subsubsection.0.4.2.3}{\376\377\000D\000o\000w\000n\000s\000a\000m\000p\000l\000i\000n\000g}{subsection.0.4.2}% 16
\BOOKMARK [3][-]{subsubsection.0.4.2.4}{\376\377\000B\000a\000n\000d\000-\000P\000a\000s\000s\000\040\000F\000i\000l\000t\000e\000r\000i\000n\000g}{subsection.0.4.2}% 17
\BOOKMARK [3][-]{subsubsection.0.4.2.5}{\376\377\000O\000v\000e\000r\000l\000a\000p\000p\000i\000n\000g\000\040\000W\000i\000n\000d\000o\000w\000\040\000S\000e\000g\000m\000e\000n\000t\000a\000t\000i\000o\000n}{subsection.0.4.2}% 18
\BOOKMARK [2][-]{subsection.0.4.3}{\376\377\000D\000u\000a\000l\000-\000C\000h\000a\000n\000n\000e\000l\000\040\000C\000r\000o\000s\000s\000-\000A\000t\000t\000e\000n\000t\000i\000o\000n\000\040\000T\000r\000a\000n\000s\000f\000o\000r\000m\000e\000r}{section.0.4}% 19
\BOOKMARK [3][-]{subsubsection.0.4.3.1}{\376\377\000I\000n\000p\000u\000t\000\040\000P\000r\000o\000j\000e\000c\000t\000i\000o\000n\000\040\000a\000n\000d\000\040\000P\000o\000s\000i\000t\000i\000o\000n\000a\000l\000\040\000E\000n\000c\000o\000d\000i\000n\000g}{subsection.0.4.3}% 20
\BOOKMARK [3][-]{subsubsection.0.4.3.2}{\376\377\000C\000r\000o\000s\000s\000-\000A\000t\000t\000e\000n\000t\000i\000o\000n\000\040\000L\000a\000y\000e\000r\000s}{subsection.0.4.3}% 21
\BOOKMARK [3][-]{subsubsection.0.4.3.3}{\376\377\000P\000o\000o\000l\000i\000n\000g\000,\000\040\000F\000u\000s\000i\000o\000n\000,\000\040\000a\000n\000d\000\040\000C\000l\000a\000s\000s\000i\000f\000i\000c\000a\000t\000i\000o\000n}{subsection.0.4.3}% 22
\BOOKMARK [2][-]{subsection.0.4.4}{\376\377\000T\000r\000a\000i\000n\000i\000n\000g\000\040\000P\000r\000o\000c\000e\000d\000u\000r\000e}{section.0.4}% 23
\BOOKMARK [3][-]{subsubsection.0.4.4.1}{\376\377\000O\000b\000j\000e\000c\000t\000i\000v\000e\000\040\000F\000u\000n\000c\000t\000i\000o\000n}{subsection.0.4.4}% 24
\BOOKMARK [3][-]{subsubsection.0.4.4.2}{\376\377\000O\000p\000t\000i\000m\000i\000s\000a\000t\000i\000o\000n}{subsection.0.4.4}% 25
\BOOKMARK [2][-]{subsection.0.4.5}{\376\377\000S\000e\000l\000f\000-\000S\000u\000p\000e\000r\000v\000i\000s\000e\000d\000\040\000P\000r\000e\000-\000t\000r\000a\000i\000n\000i\000n\000g}{section.0.4}% 26
\BOOKMARK [1][-]{section.0.5}{\376\377\000E\000x\000p\000e\000r\000i\000m\000e\000n\000t\000s\000\040\000a\000n\000d\000\040\000R\000e\000s\000u\000l\000t\000s}{}% 27
\BOOKMARK [2][-]{subsection.0.5.1}{\376\377\000E\000x\000p\000e\000r\000i\000m\000e\000n\000t\000a\000l\000\040\000S\000e\000t\000u\000p}{section.0.5}% 28
\BOOKMARK [2][-]{subsection.0.5.2}{\376\377\000B\000a\000s\000e\000\040\000M\000o\000d\000e\000l\000\040\000P\000e\000r\000f\000o\000r\000m\000a\000n\000c\000e}{section.0.5}% 29
\BOOKMARK [2][-]{subsection.0.5.3}{\376\377\000B\000a\000n\000d\000-\000P\000a\000s\000s\000\040\000F\000i\000l\000t\000e\000r\000i\000n\000g\000\040\000A\000b\000l\000a\000t\000i\000o\000n}{section.0.5}% 30
\BOOKMARK [2][-]{subsection.0.5.4}{\376\377\000H\000i\000e\000r\000a\000r\000c\000h\000i\000c\000a\000l\000\040\000v\000s\000.\000\040\000T\000h\000r\000e\000e\000-\000C\000l\000a\000s\000s\000\040\000C\000l\000a\000s\000s\000i\000f\000i\000c\000a\000t\000i\000o\000n}{section.0.5}% 31
\BOOKMARK [2][-]{subsection.0.5.5}{\376\377\000H\000y\000p\000e\000r\000p\000a\000r\000a\000m\000e\000t\000e\000r\000\040\000O\000p\000t\000i\000m\000i\000s\000a\000t\000i\000o\000n\000\040\000a\000n\000d\000\040\000N\000e\000s\000t\000e\000d\000\040\000C\000r\000o\000s\000s\000-\000V\000a\000l\000i\000d\000a\000t\000i\000o\000n}{section.0.5}% 32
\BOOKMARK [2][-]{subsection.0.5.6}{\376\377\000E\000d\000g\000e\000\040\000D\000e\000p\000l\000o\000y\000m\000e\000n\000t\000\040\000o\000n\000\040\000R\000a\000s\000p\000b\000e\000r\000r\000y\000\040\000P\000i}{section.0.5}% 33
\BOOKMARK [2][-]{subsection.0.5.7}{\376\377\000S\000e\000l\000f\000-\000S\000u\000p\000e\000r\000v\000i\000s\000e\000d\000\040\000P\000r\000e\000-\000t\000r\000a\000i\000n\000i\000n\000g\000\040\000a\000n\000d\000\040\000L\000a\000b\000e\000l\000\040\000E\000f\000f\000i\000c\000i\000e\000n\000c\000y}{section.0.5}% 34
\BOOKMARK [2][-]{subsection.0.5.8}{\376\377\000C\000o\000m\000p\000a\000r\000i\000s\000o\000n\000\040\000w\000i\000t\000h\000\040\000F\000o\000u\000n\000d\000a\000t\000i\000o\000n\000\040\000M\000o\000d\000e\000l\000\040\000\050\000T\000i\000m\000e\000s\000F\000M\000\040\000+\000\040\000L\000o\000R\000A\000\051}{section.0.5}% 35
\BOOKMARK [2][-]{subsection.0.5.9}{\376\377\000T\000a\000s\000k\000-\000W\000i\000s\000e\000\040\000A\000b\000l\000a\000t\000i\000o\000n\000\040\000\050\0001\000D\000\040\000C\000N\000N\000\040\000a\000n\000d\000\040\000B\000i\000L\000S\000T\000M\000\051}{section.0.5}% 36
\BOOKMARK [2][-]{subsection.0.5.10}{\376\377\000C\000o\000n\000s\000o\000l\000i\000d\000a\000t\000e\000d\000\040\000R\000e\000s\000u\000l\000t\000s}{section.0.5}% 37
\BOOKMARK [2][-]{subsection.0.5.11}{\376\377\000C\000r\000o\000s\000s\000-\000A\000t\000t\000e\000n\000t\000i\000o\000n\000\040\000W\000e\000i\000g\000h\000t\000\040\000A\000n\000a\000l\000y\000s\000i\000s}{section.0.5}% 38
\BOOKMARK [1][-]{section.0.6}{\376\377\000D\000i\000s\000c\000u\000s\000s\000i\000o\000n}{}% 39
\BOOKMARK [2][-]{subsection.0.6.1}{\376\377\000L\000i\000m\000i\000t\000a\000t\000i\000o\000n\000s}{section.0.6}% 40
\BOOKMARK [1][-]{section.0.7}{\376\377\000C\000o\000n\000c\000l\000u\000s\000i\000o\000n}{}% 41
